2024-03-03 18:02:43,280 - ERROR - C:\Users\Dom\PycharmProjects\FinalProject\venv\lib\site-packages\django\utils\log.py - (<class 'drf_yasg.errors.SwaggerGenerationError'>, SwaggerGenerationError('cannot instantiate nested serializer as Parameter'), <traceback object at 0x0000026E670141C0>) - Internal Server Error: /swagger/
Traceback (most recent call last):
  File "C:\Users\Dom\PycharmProjects\FinalProject\venv\lib\site-packages\django\core\handlers\exception.py", line 55, in inner
    response = get_response(request)
  File "C:\Users\Dom\PycharmProjects\FinalProject\venv\lib\site-packages\django\core\handlers\base.py", line 197, in _get_response
    response = wrapped_callback(request, *callback_args, **callback_kwargs)
  File "C:\Users\Dom\PycharmProjects\FinalProject\venv\lib\site-packages\django\views\decorators\csrf.py", line 56, in wrapper_view
    return view_func(*args, **kwargs)
  File "C:\Users\Dom\PycharmProjects\FinalProject\venv\lib\site-packages\django\views\generic\base.py", line 104, in view
    return self.dispatch(request, *args, **kwargs)
  File "C:\Users\Dom\PycharmProjects\FinalProject\venv\lib\site-packages\rest_framework\views.py", line 509, in dispatch
    response = self.handle_exception(exc)
  File "C:\Users\Dom\PycharmProjects\FinalProject\venv\lib\site-packages\rest_framework\views.py", line 469, in handle_exception
    self.raise_uncaught_exception(exc)
  File "C:\Users\Dom\PycharmProjects\FinalProject\venv\lib\site-packages\rest_framework\views.py", line 480, in raise_uncaught_exception
    raise exc
  File "C:\Users\Dom\PycharmProjects\FinalProject\venv\lib\site-packages\rest_framework\views.py", line 506, in dispatch
    response = handler(request, *args, **kwargs)
  File "C:\Users\Dom\PycharmProjects\FinalProject\venv\lib\site-packages\drf_yasg\views.py", line 96, in get
    schema = generator.get_schema(request, self.public)
  File "C:\Users\Dom\PycharmProjects\FinalProject\venv\lib\site-packages\drf_yasg\generators.py", line 276, in get_schema
    paths, prefix = self.get_paths(endpoints, components, request, public)
  File "C:\Users\Dom\PycharmProjects\FinalProject\venv\lib\site-packages\drf_yasg\generators.py", line 482, in get_paths
    operation = self.get_operation(view, path, prefix, method, components, request)
  File "C:\Users\Dom\PycharmProjects\FinalProject\venv\lib\site-packages\drf_yasg\generators.py", line 524, in get_operation
    operation = view_inspector.get_operation(operation_keys)
  File "C:\Users\Dom\PycharmProjects\FinalProject\venv\lib\site-packages\drf_yasg\inspectors\view.py", line 32, in get_operation
    body = self.get_request_body_parameters(consumes)
  File "C:\Users\Dom\PycharmProjects\FinalProject\venv\lib\site-packages\drf_yasg\inspectors\view.py", line 82, in get_request_body_parameters
    return self.get_request_form_parameters(serializer)
  File "C:\Users\Dom\PycharmProjects\FinalProject\venv\lib\site-packages\drf_yasg\inspectors\view.py", line 134, in get_request_form_parameters
    return self.serializer_to_parameters(serializer, in_=openapi.IN_FORM)
  File "C:\Users\Dom\PycharmProjects\FinalProject\venv\lib\site-packages\drf_yasg\inspectors\base.py", line 449, in serializer_to_parameters
    return self.probe_inspectors(
  File "C:\Users\Dom\PycharmProjects\FinalProject\venv\lib\site-packages\drf_yasg\inspectors\base.py", line 110, in probe_inspectors
    result = method(obj, **kwargs)
  File "C:\Users\Dom\PycharmProjects\FinalProject\venv\lib\site-packages\drf_yasg\inspectors\field.py", line 53, in get_request_parameters
    parameters = [
  File "C:\Users\Dom\PycharmProjects\FinalProject\venv\lib\site-packages\drf_yasg\inspectors\field.py", line 54, in <listcomp>
    self.probe_field_inspectors(
  File "C:\Users\Dom\PycharmProjects\FinalProject\venv\lib\site-packages\drf_yasg\inspectors\base.py", line 228, in probe_field_inspectors
    return self.probe_inspectors(
  File "C:\Users\Dom\PycharmProjects\FinalProject\venv\lib\site-packages\drf_yasg\inspectors\base.py", line 110, in probe_inspectors
    result = method(obj, **kwargs)
  File "C:\Users\Dom\PycharmProjects\FinalProject\venv\lib\site-packages\drf_yasg\inspectors\field.py", line 91, in field_to_swagger_object
    raise SwaggerGenerationError("cannot instantiate nested serializer as " + swagger_object_type.__name__)
drf_yasg.errors.SwaggerGenerationError: cannot instantiate nested serializer as Parameter
2024-03-03 18:02:43,284 - ERROR - C:\Users\Dom\PycharmProjects\FinalProject\venv\lib\site-packages\django\core\servers\basehttp.py - None - "GET /swagger/?format=openapi HTTP/1.1" 500 200754
2024-03-03 18:55:06,943 - ERROR - C:\Users\Dom\PycharmProjects\FinalProject\venv\lib\site-packages\django\utils\log.py - (<class 'drf_yasg.errors.SwaggerGenerationError'>, SwaggerGenerationError('cannot instantiate nested serializer as Parameter'), <traceback object at 0x000001D05A33AD00>) - Internal Server Error: /swagger/
Traceback (most recent call last):
  File "C:\Users\Dom\PycharmProjects\FinalProject\venv\lib\site-packages\django\core\handlers\exception.py", line 55, in inner
    response = get_response(request)
  File "C:\Users\Dom\PycharmProjects\FinalProject\venv\lib\site-packages\django\core\handlers\base.py", line 197, in _get_response
    response = wrapped_callback(request, *callback_args, **callback_kwargs)
  File "C:\Users\Dom\PycharmProjects\FinalProject\venv\lib\site-packages\django\views\decorators\csrf.py", line 56, in wrapper_view
    return view_func(*args, **kwargs)
  File "C:\Users\Dom\PycharmProjects\FinalProject\venv\lib\site-packages\django\views\generic\base.py", line 104, in view
    return self.dispatch(request, *args, **kwargs)
  File "C:\Users\Dom\PycharmProjects\FinalProject\venv\lib\site-packages\rest_framework\views.py", line 509, in dispatch
    response = self.handle_exception(exc)
  File "C:\Users\Dom\PycharmProjects\FinalProject\venv\lib\site-packages\rest_framework\views.py", line 469, in handle_exception
    self.raise_uncaught_exception(exc)
  File "C:\Users\Dom\PycharmProjects\FinalProject\venv\lib\site-packages\rest_framework\views.py", line 480, in raise_uncaught_exception
    raise exc
  File "C:\Users\Dom\PycharmProjects\FinalProject\venv\lib\site-packages\rest_framework\views.py", line 506, in dispatch
    response = handler(request, *args, **kwargs)
  File "C:\Users\Dom\PycharmProjects\FinalProject\venv\lib\site-packages\drf_yasg\views.py", line 96, in get
    schema = generator.get_schema(request, self.public)
  File "C:\Users\Dom\PycharmProjects\FinalProject\venv\lib\site-packages\drf_yasg\generators.py", line 276, in get_schema
    paths, prefix = self.get_paths(endpoints, components, request, public)
  File "C:\Users\Dom\PycharmProjects\FinalProject\venv\lib\site-packages\drf_yasg\generators.py", line 482, in get_paths
    operation = self.get_operation(view, path, prefix, method, components, request)
  File "C:\Users\Dom\PycharmProjects\FinalProject\venv\lib\site-packages\drf_yasg\generators.py", line 524, in get_operation
    operation = view_inspector.get_operation(operation_keys)
  File "C:\Users\Dom\PycharmProjects\FinalProject\venv\lib\site-packages\drf_yasg\inspectors\view.py", line 32, in get_operation
    body = self.get_request_body_parameters(consumes)
  File "C:\Users\Dom\PycharmProjects\FinalProject\venv\lib\site-packages\drf_yasg\inspectors\view.py", line 82, in get_request_body_parameters
    return self.get_request_form_parameters(serializer)
  File "C:\Users\Dom\PycharmProjects\FinalProject\venv\lib\site-packages\drf_yasg\inspectors\view.py", line 134, in get_request_form_parameters
    return self.serializer_to_parameters(serializer, in_=openapi.IN_FORM)
  File "C:\Users\Dom\PycharmProjects\FinalProject\venv\lib\site-packages\drf_yasg\inspectors\base.py", line 449, in serializer_to_parameters
    return self.probe_inspectors(
  File "C:\Users\Dom\PycharmProjects\FinalProject\venv\lib\site-packages\drf_yasg\inspectors\base.py", line 110, in probe_inspectors
    result = method(obj, **kwargs)
  File "C:\Users\Dom\PycharmProjects\FinalProject\venv\lib\site-packages\drf_yasg\inspectors\field.py", line 53, in get_request_parameters
    parameters = [
  File "C:\Users\Dom\PycharmProjects\FinalProject\venv\lib\site-packages\drf_yasg\inspectors\field.py", line 54, in <listcomp>
    self.probe_field_inspectors(
  File "C:\Users\Dom\PycharmProjects\FinalProject\venv\lib\site-packages\drf_yasg\inspectors\base.py", line 228, in probe_field_inspectors
    return self.probe_inspectors(
  File "C:\Users\Dom\PycharmProjects\FinalProject\venv\lib\site-packages\drf_yasg\inspectors\base.py", line 110, in probe_inspectors
    result = method(obj, **kwargs)
  File "C:\Users\Dom\PycharmProjects\FinalProject\venv\lib\site-packages\drf_yasg\inspectors\field.py", line 91, in field_to_swagger_object
    raise SwaggerGenerationError("cannot instantiate nested serializer as " + swagger_object_type.__name__)
drf_yasg.errors.SwaggerGenerationError: cannot instantiate nested serializer as Parameter
2024-03-03 18:55:06,947 - ERROR - C:\Users\Dom\PycharmProjects\FinalProject\venv\lib\site-packages\django\core\servers\basehttp.py - None - "GET /swagger/?format=openapi HTTP/1.1" 500 200754
2024-03-03 19:04:47,157 - ERROR - C:\Users\Dom\PycharmProjects\FinalProject\venv\lib\site-packages\django\utils\log.py - (<class 'drf_yasg.errors.SwaggerGenerationError'>, SwaggerGenerationError('cannot instantiate nested serializer as Parameter'), <traceback object at 0x00000193233388C0>) - Internal Server Error: /swagger/
Traceback (most recent call last):
  File "C:\Users\Dom\PycharmProjects\FinalProject\venv\lib\site-packages\django\core\handlers\exception.py", line 55, in inner
    response = get_response(request)
  File "C:\Users\Dom\PycharmProjects\FinalProject\venv\lib\site-packages\django\core\handlers\base.py", line 197, in _get_response
    response = wrapped_callback(request, *callback_args, **callback_kwargs)
  File "C:\Users\Dom\PycharmProjects\FinalProject\venv\lib\site-packages\django\views\decorators\csrf.py", line 56, in wrapper_view
    return view_func(*args, **kwargs)
  File "C:\Users\Dom\PycharmProjects\FinalProject\venv\lib\site-packages\django\views\generic\base.py", line 104, in view
    return self.dispatch(request, *args, **kwargs)
  File "C:\Users\Dom\PycharmProjects\FinalProject\venv\lib\site-packages\rest_framework\views.py", line 509, in dispatch
    response = self.handle_exception(exc)
  File "C:\Users\Dom\PycharmProjects\FinalProject\venv\lib\site-packages\rest_framework\views.py", line 469, in handle_exception
    self.raise_uncaught_exception(exc)
  File "C:\Users\Dom\PycharmProjects\FinalProject\venv\lib\site-packages\rest_framework\views.py", line 480, in raise_uncaught_exception
    raise exc
  File "C:\Users\Dom\PycharmProjects\FinalProject\venv\lib\site-packages\rest_framework\views.py", line 506, in dispatch
    response = handler(request, *args, **kwargs)
  File "C:\Users\Dom\PycharmProjects\FinalProject\venv\lib\site-packages\drf_yasg\views.py", line 96, in get
    schema = generator.get_schema(request, self.public)
  File "C:\Users\Dom\PycharmProjects\FinalProject\venv\lib\site-packages\drf_yasg\generators.py", line 276, in get_schema
    paths, prefix = self.get_paths(endpoints, components, request, public)
  File "C:\Users\Dom\PycharmProjects\FinalProject\venv\lib\site-packages\drf_yasg\generators.py", line 482, in get_paths
    operation = self.get_operation(view, path, prefix, method, components, request)
  File "C:\Users\Dom\PycharmProjects\FinalProject\venv\lib\site-packages\drf_yasg\generators.py", line 524, in get_operation
    operation = view_inspector.get_operation(operation_keys)
  File "C:\Users\Dom\PycharmProjects\FinalProject\venv\lib\site-packages\drf_yasg\inspectors\view.py", line 32, in get_operation
    body = self.get_request_body_parameters(consumes)
  File "C:\Users\Dom\PycharmProjects\FinalProject\venv\lib\site-packages\drf_yasg\inspectors\view.py", line 82, in get_request_body_parameters
    return self.get_request_form_parameters(serializer)
  File "C:\Users\Dom\PycharmProjects\FinalProject\venv\lib\site-packages\drf_yasg\inspectors\view.py", line 134, in get_request_form_parameters
    return self.serializer_to_parameters(serializer, in_=openapi.IN_FORM)
  File "C:\Users\Dom\PycharmProjects\FinalProject\venv\lib\site-packages\drf_yasg\inspectors\base.py", line 449, in serializer_to_parameters
    return self.probe_inspectors(
  File "C:\Users\Dom\PycharmProjects\FinalProject\venv\lib\site-packages\drf_yasg\inspectors\base.py", line 110, in probe_inspectors
    result = method(obj, **kwargs)
  File "C:\Users\Dom\PycharmProjects\FinalProject\venv\lib\site-packages\drf_yasg\inspectors\field.py", line 53, in get_request_parameters
    parameters = [
  File "C:\Users\Dom\PycharmProjects\FinalProject\venv\lib\site-packages\drf_yasg\inspectors\field.py", line 54, in <listcomp>
    self.probe_field_inspectors(
  File "C:\Users\Dom\PycharmProjects\FinalProject\venv\lib\site-packages\drf_yasg\inspectors\base.py", line 228, in probe_field_inspectors
    return self.probe_inspectors(
  File "C:\Users\Dom\PycharmProjects\FinalProject\venv\lib\site-packages\drf_yasg\inspectors\base.py", line 110, in probe_inspectors
    result = method(obj, **kwargs)
  File "C:\Users\Dom\PycharmProjects\FinalProject\venv\lib\site-packages\drf_yasg\inspectors\field.py", line 91, in field_to_swagger_object
    raise SwaggerGenerationError("cannot instantiate nested serializer as " + swagger_object_type.__name__)
drf_yasg.errors.SwaggerGenerationError: cannot instantiate nested serializer as Parameter
2024-03-03 19:04:47,160 - ERROR - C:\Users\Dom\PycharmProjects\FinalProject\venv\lib\site-packages\django\core\servers\basehttp.py - None - "GET /swagger/?format=openapi HTTP/1.1" 500 200754
2024-03-03 19:06:55,555 - ERROR - C:\Users\Dom\PycharmProjects\FinalProject\venv\lib\site-packages\django\utils\log.py - (<class 'drf_yasg.errors.SwaggerGenerationError'>, SwaggerGenerationError('cannot instantiate nested serializer as Parameter'), <traceback object at 0x0000021D1572DE80>) - Internal Server Error: /swagger/
Traceback (most recent call last):
  File "C:\Users\Dom\PycharmProjects\FinalProject\venv\lib\site-packages\django\core\handlers\exception.py", line 55, in inner
    response = get_response(request)
  File "C:\Users\Dom\PycharmProjects\FinalProject\venv\lib\site-packages\django\core\handlers\base.py", line 197, in _get_response
    response = wrapped_callback(request, *callback_args, **callback_kwargs)
  File "C:\Users\Dom\PycharmProjects\FinalProject\venv\lib\site-packages\django\views\decorators\csrf.py", line 56, in wrapper_view
    return view_func(*args, **kwargs)
  File "C:\Users\Dom\PycharmProjects\FinalProject\venv\lib\site-packages\django\views\generic\base.py", line 104, in view
    return self.dispatch(request, *args, **kwargs)
  File "C:\Users\Dom\PycharmProjects\FinalProject\venv\lib\site-packages\rest_framework\views.py", line 509, in dispatch
    response = self.handle_exception(exc)
  File "C:\Users\Dom\PycharmProjects\FinalProject\venv\lib\site-packages\rest_framework\views.py", line 469, in handle_exception
    self.raise_uncaught_exception(exc)
  File "C:\Users\Dom\PycharmProjects\FinalProject\venv\lib\site-packages\rest_framework\views.py", line 480, in raise_uncaught_exception
    raise exc
  File "C:\Users\Dom\PycharmProjects\FinalProject\venv\lib\site-packages\rest_framework\views.py", line 506, in dispatch
    response = handler(request, *args, **kwargs)
  File "C:\Users\Dom\PycharmProjects\FinalProject\venv\lib\site-packages\drf_yasg\views.py", line 96, in get
    schema = generator.get_schema(request, self.public)
  File "C:\Users\Dom\PycharmProjects\FinalProject\venv\lib\site-packages\drf_yasg\generators.py", line 276, in get_schema
    paths, prefix = self.get_paths(endpoints, components, request, public)
  File "C:\Users\Dom\PycharmProjects\FinalProject\venv\lib\site-packages\drf_yasg\generators.py", line 482, in get_paths
    operation = self.get_operation(view, path, prefix, method, components, request)
  File "C:\Users\Dom\PycharmProjects\FinalProject\venv\lib\site-packages\drf_yasg\generators.py", line 524, in get_operation
    operation = view_inspector.get_operation(operation_keys)
  File "C:\Users\Dom\PycharmProjects\FinalProject\venv\lib\site-packages\drf_yasg\inspectors\view.py", line 32, in get_operation
    body = self.get_request_body_parameters(consumes)
  File "C:\Users\Dom\PycharmProjects\FinalProject\venv\lib\site-packages\drf_yasg\inspectors\view.py", line 82, in get_request_body_parameters
    return self.get_request_form_parameters(serializer)
  File "C:\Users\Dom\PycharmProjects\FinalProject\venv\lib\site-packages\drf_yasg\inspectors\view.py", line 134, in get_request_form_parameters
    return self.serializer_to_parameters(serializer, in_=openapi.IN_FORM)
  File "C:\Users\Dom\PycharmProjects\FinalProject\venv\lib\site-packages\drf_yasg\inspectors\base.py", line 449, in serializer_to_parameters
    return self.probe_inspectors(
  File "C:\Users\Dom\PycharmProjects\FinalProject\venv\lib\site-packages\drf_yasg\inspectors\base.py", line 110, in probe_inspectors
    result = method(obj, **kwargs)
  File "C:\Users\Dom\PycharmProjects\FinalProject\venv\lib\site-packages\drf_yasg\inspectors\field.py", line 53, in get_request_parameters
    parameters = [
  File "C:\Users\Dom\PycharmProjects\FinalProject\venv\lib\site-packages\drf_yasg\inspectors\field.py", line 54, in <listcomp>
    self.probe_field_inspectors(
  File "C:\Users\Dom\PycharmProjects\FinalProject\venv\lib\site-packages\drf_yasg\inspectors\base.py", line 228, in probe_field_inspectors
    return self.probe_inspectors(
  File "C:\Users\Dom\PycharmProjects\FinalProject\venv\lib\site-packages\drf_yasg\inspectors\base.py", line 110, in probe_inspectors
    result = method(obj, **kwargs)
  File "C:\Users\Dom\PycharmProjects\FinalProject\venv\lib\site-packages\drf_yasg\inspectors\field.py", line 91, in field_to_swagger_object
    raise SwaggerGenerationError("cannot instantiate nested serializer as " + swagger_object_type.__name__)
drf_yasg.errors.SwaggerGenerationError: cannot instantiate nested serializer as Parameter
2024-03-03 19:06:55,558 - ERROR - C:\Users\Dom\PycharmProjects\FinalProject\venv\lib\site-packages\django\core\servers\basehttp.py - None - "GET /swagger/?format=openapi HTTP/1.1" 500 200754
2024-03-03 19:08:55,715 - ERROR - C:\Users\Dom\PycharmProjects\FinalProject\venv\lib\site-packages\django\utils\log.py - (<class 'drf_yasg.errors.SwaggerGenerationError'>, SwaggerGenerationError('cannot instantiate nested serializer as Parameter'), <traceback object at 0x0000029C4F049E80>) - Internal Server Error: /swagger/
Traceback (most recent call last):
  File "C:\Users\Dom\PycharmProjects\FinalProject\venv\lib\site-packages\django\core\handlers\exception.py", line 55, in inner
    response = get_response(request)
  File "C:\Users\Dom\PycharmProjects\FinalProject\venv\lib\site-packages\django\core\handlers\base.py", line 197, in _get_response
    response = wrapped_callback(request, *callback_args, **callback_kwargs)
  File "C:\Users\Dom\PycharmProjects\FinalProject\venv\lib\site-packages\django\views\decorators\csrf.py", line 56, in wrapper_view
    return view_func(*args, **kwargs)
  File "C:\Users\Dom\PycharmProjects\FinalProject\venv\lib\site-packages\django\views\generic\base.py", line 104, in view
    return self.dispatch(request, *args, **kwargs)
  File "C:\Users\Dom\PycharmProjects\FinalProject\venv\lib\site-packages\rest_framework\views.py", line 509, in dispatch
    response = self.handle_exception(exc)
  File "C:\Users\Dom\PycharmProjects\FinalProject\venv\lib\site-packages\rest_framework\views.py", line 469, in handle_exception
    self.raise_uncaught_exception(exc)
  File "C:\Users\Dom\PycharmProjects\FinalProject\venv\lib\site-packages\rest_framework\views.py", line 480, in raise_uncaught_exception
    raise exc
  File "C:\Users\Dom\PycharmProjects\FinalProject\venv\lib\site-packages\rest_framework\views.py", line 506, in dispatch
    response = handler(request, *args, **kwargs)
  File "C:\Users\Dom\PycharmProjects\FinalProject\venv\lib\site-packages\drf_yasg\views.py", line 96, in get
    schema = generator.get_schema(request, self.public)
  File "C:\Users\Dom\PycharmProjects\FinalProject\venv\lib\site-packages\drf_yasg\generators.py", line 276, in get_schema
    paths, prefix = self.get_paths(endpoints, components, request, public)
  File "C:\Users\Dom\PycharmProjects\FinalProject\venv\lib\site-packages\drf_yasg\generators.py", line 482, in get_paths
    operation = self.get_operation(view, path, prefix, method, components, request)
  File "C:\Users\Dom\PycharmProjects\FinalProject\venv\lib\site-packages\drf_yasg\generators.py", line 524, in get_operation
    operation = view_inspector.get_operation(operation_keys)
  File "C:\Users\Dom\PycharmProjects\FinalProject\venv\lib\site-packages\drf_yasg\inspectors\view.py", line 32, in get_operation
    body = self.get_request_body_parameters(consumes)
  File "C:\Users\Dom\PycharmProjects\FinalProject\venv\lib\site-packages\drf_yasg\inspectors\view.py", line 82, in get_request_body_parameters
    return self.get_request_form_parameters(serializer)
  File "C:\Users\Dom\PycharmProjects\FinalProject\venv\lib\site-packages\drf_yasg\inspectors\view.py", line 134, in get_request_form_parameters
    return self.serializer_to_parameters(serializer, in_=openapi.IN_FORM)
  File "C:\Users\Dom\PycharmProjects\FinalProject\venv\lib\site-packages\drf_yasg\inspectors\base.py", line 449, in serializer_to_parameters
    return self.probe_inspectors(
  File "C:\Users\Dom\PycharmProjects\FinalProject\venv\lib\site-packages\drf_yasg\inspectors\base.py", line 110, in probe_inspectors
    result = method(obj, **kwargs)
  File "C:\Users\Dom\PycharmProjects\FinalProject\venv\lib\site-packages\drf_yasg\inspectors\field.py", line 53, in get_request_parameters
    parameters = [
  File "C:\Users\Dom\PycharmProjects\FinalProject\venv\lib\site-packages\drf_yasg\inspectors\field.py", line 54, in <listcomp>
    self.probe_field_inspectors(
  File "C:\Users\Dom\PycharmProjects\FinalProject\venv\lib\site-packages\drf_yasg\inspectors\base.py", line 228, in probe_field_inspectors
    return self.probe_inspectors(
  File "C:\Users\Dom\PycharmProjects\FinalProject\venv\lib\site-packages\drf_yasg\inspectors\base.py", line 110, in probe_inspectors
    result = method(obj, **kwargs)
  File "C:\Users\Dom\PycharmProjects\FinalProject\venv\lib\site-packages\drf_yasg\inspectors\field.py", line 91, in field_to_swagger_object
    raise SwaggerGenerationError("cannot instantiate nested serializer as " + swagger_object_type.__name__)
drf_yasg.errors.SwaggerGenerationError: cannot instantiate nested serializer as Parameter
2024-03-03 19:08:55,719 - ERROR - C:\Users\Dom\PycharmProjects\FinalProject\venv\lib\site-packages\django\core\servers\basehttp.py - None - "GET /swagger/?format=openapi HTTP/1.1" 500 200754
2024-03-03 19:17:04,988 - ERROR - C:\Users\Dom\PycharmProjects\FinalProject\venv\lib\site-packages\django\utils\log.py - (<class 'drf_yasg.errors.SwaggerGenerationError'>, SwaggerGenerationError('cannot instantiate nested serializer as Parameter'), <traceback object at 0x000001C81699F5C0>) - Internal Server Error: /swagger/
Traceback (most recent call last):
  File "C:\Users\Dom\PycharmProjects\FinalProject\venv\lib\site-packages\django\core\handlers\exception.py", line 55, in inner
    response = get_response(request)
  File "C:\Users\Dom\PycharmProjects\FinalProject\venv\lib\site-packages\django\core\handlers\base.py", line 197, in _get_response
    response = wrapped_callback(request, *callback_args, **callback_kwargs)
  File "C:\Users\Dom\PycharmProjects\FinalProject\venv\lib\site-packages\django\views\decorators\csrf.py", line 56, in wrapper_view
    return view_func(*args, **kwargs)
  File "C:\Users\Dom\PycharmProjects\FinalProject\venv\lib\site-packages\django\views\generic\base.py", line 104, in view
    return self.dispatch(request, *args, **kwargs)
  File "C:\Users\Dom\PycharmProjects\FinalProject\venv\lib\site-packages\rest_framework\views.py", line 509, in dispatch
    response = self.handle_exception(exc)
  File "C:\Users\Dom\PycharmProjects\FinalProject\venv\lib\site-packages\rest_framework\views.py", line 469, in handle_exception
    self.raise_uncaught_exception(exc)
  File "C:\Users\Dom\PycharmProjects\FinalProject\venv\lib\site-packages\rest_framework\views.py", line 480, in raise_uncaught_exception
    raise exc
  File "C:\Users\Dom\PycharmProjects\FinalProject\venv\lib\site-packages\rest_framework\views.py", line 506, in dispatch
    response = handler(request, *args, **kwargs)
  File "C:\Users\Dom\PycharmProjects\FinalProject\venv\lib\site-packages\drf_yasg\views.py", line 96, in get
    schema = generator.get_schema(request, self.public)
  File "C:\Users\Dom\PycharmProjects\FinalProject\venv\lib\site-packages\drf_yasg\generators.py", line 276, in get_schema
    paths, prefix = self.get_paths(endpoints, components, request, public)
  File "C:\Users\Dom\PycharmProjects\FinalProject\venv\lib\site-packages\drf_yasg\generators.py", line 482, in get_paths
    operation = self.get_operation(view, path, prefix, method, components, request)
  File "C:\Users\Dom\PycharmProjects\FinalProject\venv\lib\site-packages\drf_yasg\generators.py", line 524, in get_operation
    operation = view_inspector.get_operation(operation_keys)
  File "C:\Users\Dom\PycharmProjects\FinalProject\venv\lib\site-packages\drf_yasg\inspectors\view.py", line 32, in get_operation
    body = self.get_request_body_parameters(consumes)
  File "C:\Users\Dom\PycharmProjects\FinalProject\venv\lib\site-packages\drf_yasg\inspectors\view.py", line 82, in get_request_body_parameters
    return self.get_request_form_parameters(serializer)
  File "C:\Users\Dom\PycharmProjects\FinalProject\venv\lib\site-packages\drf_yasg\inspectors\view.py", line 134, in get_request_form_parameters
    return self.serializer_to_parameters(serializer, in_=openapi.IN_FORM)
  File "C:\Users\Dom\PycharmProjects\FinalProject\venv\lib\site-packages\drf_yasg\inspectors\base.py", line 449, in serializer_to_parameters
    return self.probe_inspectors(
  File "C:\Users\Dom\PycharmProjects\FinalProject\venv\lib\site-packages\drf_yasg\inspectors\base.py", line 110, in probe_inspectors
    result = method(obj, **kwargs)
  File "C:\Users\Dom\PycharmProjects\FinalProject\venv\lib\site-packages\drf_yasg\inspectors\field.py", line 53, in get_request_parameters
    parameters = [
  File "C:\Users\Dom\PycharmProjects\FinalProject\venv\lib\site-packages\drf_yasg\inspectors\field.py", line 54, in <listcomp>
    self.probe_field_inspectors(
  File "C:\Users\Dom\PycharmProjects\FinalProject\venv\lib\site-packages\drf_yasg\inspectors\base.py", line 228, in probe_field_inspectors
    return self.probe_inspectors(
  File "C:\Users\Dom\PycharmProjects\FinalProject\venv\lib\site-packages\drf_yasg\inspectors\base.py", line 110, in probe_inspectors
    result = method(obj, **kwargs)
  File "C:\Users\Dom\PycharmProjects\FinalProject\venv\lib\site-packages\drf_yasg\inspectors\field.py", line 91, in field_to_swagger_object
    raise SwaggerGenerationError("cannot instantiate nested serializer as " + swagger_object_type.__name__)
drf_yasg.errors.SwaggerGenerationError: cannot instantiate nested serializer as Parameter
2024-03-03 19:17:04,993 - ERROR - C:\Users\Dom\PycharmProjects\FinalProject\venv\lib\site-packages\django\core\servers\basehttp.py - None - "GET /swagger/?format=openapi HTTP/1.1" 500 200754
2024-03-03 19:18:26,313 - ERROR - C:\Users\Dom\PycharmProjects\FinalProject\venv\lib\site-packages\django\utils\log.py - (<class 'drf_yasg.errors.SwaggerGenerationError'>, SwaggerGenerationError('cannot instantiate nested serializer as Parameter'), <traceback object at 0x000001C816926B80>) - Internal Server Error: /swagger/
Traceback (most recent call last):
  File "C:\Users\Dom\PycharmProjects\FinalProject\venv\lib\site-packages\django\core\handlers\exception.py", line 55, in inner
    response = get_response(request)
  File "C:\Users\Dom\PycharmProjects\FinalProject\venv\lib\site-packages\django\core\handlers\base.py", line 197, in _get_response
    response = wrapped_callback(request, *callback_args, **callback_kwargs)
  File "C:\Users\Dom\PycharmProjects\FinalProject\venv\lib\site-packages\django\views\decorators\csrf.py", line 56, in wrapper_view
    return view_func(*args, **kwargs)
  File "C:\Users\Dom\PycharmProjects\FinalProject\venv\lib\site-packages\django\views\generic\base.py", line 104, in view
    return self.dispatch(request, *args, **kwargs)
  File "C:\Users\Dom\PycharmProjects\FinalProject\venv\lib\site-packages\rest_framework\views.py", line 509, in dispatch
    response = self.handle_exception(exc)
  File "C:\Users\Dom\PycharmProjects\FinalProject\venv\lib\site-packages\rest_framework\views.py", line 469, in handle_exception
    self.raise_uncaught_exception(exc)
  File "C:\Users\Dom\PycharmProjects\FinalProject\venv\lib\site-packages\rest_framework\views.py", line 480, in raise_uncaught_exception
    raise exc
  File "C:\Users\Dom\PycharmProjects\FinalProject\venv\lib\site-packages\rest_framework\views.py", line 506, in dispatch
    response = handler(request, *args, **kwargs)
  File "C:\Users\Dom\PycharmProjects\FinalProject\venv\lib\site-packages\drf_yasg\views.py", line 96, in get
    schema = generator.get_schema(request, self.public)
  File "C:\Users\Dom\PycharmProjects\FinalProject\venv\lib\site-packages\drf_yasg\generators.py", line 276, in get_schema
    paths, prefix = self.get_paths(endpoints, components, request, public)
  File "C:\Users\Dom\PycharmProjects\FinalProject\venv\lib\site-packages\drf_yasg\generators.py", line 482, in get_paths
    operation = self.get_operation(view, path, prefix, method, components, request)
  File "C:\Users\Dom\PycharmProjects\FinalProject\venv\lib\site-packages\drf_yasg\generators.py", line 524, in get_operation
    operation = view_inspector.get_operation(operation_keys)
  File "C:\Users\Dom\PycharmProjects\FinalProject\venv\lib\site-packages\drf_yasg\inspectors\view.py", line 32, in get_operation
    body = self.get_request_body_parameters(consumes)
  File "C:\Users\Dom\PycharmProjects\FinalProject\venv\lib\site-packages\drf_yasg\inspectors\view.py", line 82, in get_request_body_parameters
    return self.get_request_form_parameters(serializer)
  File "C:\Users\Dom\PycharmProjects\FinalProject\venv\lib\site-packages\drf_yasg\inspectors\view.py", line 134, in get_request_form_parameters
    return self.serializer_to_parameters(serializer, in_=openapi.IN_FORM)
  File "C:\Users\Dom\PycharmProjects\FinalProject\venv\lib\site-packages\drf_yasg\inspectors\base.py", line 449, in serializer_to_parameters
    return self.probe_inspectors(
  File "C:\Users\Dom\PycharmProjects\FinalProject\venv\lib\site-packages\drf_yasg\inspectors\base.py", line 110, in probe_inspectors
    result = method(obj, **kwargs)
  File "C:\Users\Dom\PycharmProjects\FinalProject\venv\lib\site-packages\drf_yasg\inspectors\field.py", line 53, in get_request_parameters
    parameters = [
  File "C:\Users\Dom\PycharmProjects\FinalProject\venv\lib\site-packages\drf_yasg\inspectors\field.py", line 54, in <listcomp>
    self.probe_field_inspectors(
  File "C:\Users\Dom\PycharmProjects\FinalProject\venv\lib\site-packages\drf_yasg\inspectors\base.py", line 228, in probe_field_inspectors
    return self.probe_inspectors(
  File "C:\Users\Dom\PycharmProjects\FinalProject\venv\lib\site-packages\drf_yasg\inspectors\base.py", line 110, in probe_inspectors
    result = method(obj, **kwargs)
  File "C:\Users\Dom\PycharmProjects\FinalProject\venv\lib\site-packages\drf_yasg\inspectors\field.py", line 91, in field_to_swagger_object
    raise SwaggerGenerationError("cannot instantiate nested serializer as " + swagger_object_type.__name__)
drf_yasg.errors.SwaggerGenerationError: cannot instantiate nested serializer as Parameter
2024-03-03 19:18:26,314 - ERROR - C:\Users\Dom\PycharmProjects\FinalProject\venv\lib\site-packages\django\core\servers\basehttp.py - None - "GET /swagger/?format=openapi HTTP/1.1" 500 200754
2024-03-03 19:18:55,283 - ERROR - C:\Users\Dom\PycharmProjects\FinalProject\venv\lib\site-packages\django\utils\log.py - (<class 'drf_yasg.errors.SwaggerGenerationError'>, SwaggerGenerationError('cannot instantiate nested serializer as Parameter'), <traceback object at 0x000001C8167D81C0>) - Internal Server Error: /swagger/
Traceback (most recent call last):
  File "C:\Users\Dom\PycharmProjects\FinalProject\venv\lib\site-packages\django\core\handlers\exception.py", line 55, in inner
    response = get_response(request)
  File "C:\Users\Dom\PycharmProjects\FinalProject\venv\lib\site-packages\django\core\handlers\base.py", line 197, in _get_response
    response = wrapped_callback(request, *callback_args, **callback_kwargs)
  File "C:\Users\Dom\PycharmProjects\FinalProject\venv\lib\site-packages\django\views\decorators\csrf.py", line 56, in wrapper_view
    return view_func(*args, **kwargs)
  File "C:\Users\Dom\PycharmProjects\FinalProject\venv\lib\site-packages\django\views\generic\base.py", line 104, in view
    return self.dispatch(request, *args, **kwargs)
  File "C:\Users\Dom\PycharmProjects\FinalProject\venv\lib\site-packages\rest_framework\views.py", line 509, in dispatch
    response = self.handle_exception(exc)
  File "C:\Users\Dom\PycharmProjects\FinalProject\venv\lib\site-packages\rest_framework\views.py", line 469, in handle_exception
    self.raise_uncaught_exception(exc)
  File "C:\Users\Dom\PycharmProjects\FinalProject\venv\lib\site-packages\rest_framework\views.py", line 480, in raise_uncaught_exception
    raise exc
  File "C:\Users\Dom\PycharmProjects\FinalProject\venv\lib\site-packages\rest_framework\views.py", line 506, in dispatch
    response = handler(request, *args, **kwargs)
  File "C:\Users\Dom\PycharmProjects\FinalProject\venv\lib\site-packages\drf_yasg\views.py", line 96, in get
    schema = generator.get_schema(request, self.public)
  File "C:\Users\Dom\PycharmProjects\FinalProject\venv\lib\site-packages\drf_yasg\generators.py", line 276, in get_schema
    paths, prefix = self.get_paths(endpoints, components, request, public)
  File "C:\Users\Dom\PycharmProjects\FinalProject\venv\lib\site-packages\drf_yasg\generators.py", line 482, in get_paths
    operation = self.get_operation(view, path, prefix, method, components, request)
  File "C:\Users\Dom\PycharmProjects\FinalProject\venv\lib\site-packages\drf_yasg\generators.py", line 524, in get_operation
    operation = view_inspector.get_operation(operation_keys)
  File "C:\Users\Dom\PycharmProjects\FinalProject\venv\lib\site-packages\drf_yasg\inspectors\view.py", line 32, in get_operation
    body = self.get_request_body_parameters(consumes)
  File "C:\Users\Dom\PycharmProjects\FinalProject\venv\lib\site-packages\drf_yasg\inspectors\view.py", line 82, in get_request_body_parameters
    return self.get_request_form_parameters(serializer)
  File "C:\Users\Dom\PycharmProjects\FinalProject\venv\lib\site-packages\drf_yasg\inspectors\view.py", line 134, in get_request_form_parameters
    return self.serializer_to_parameters(serializer, in_=openapi.IN_FORM)
  File "C:\Users\Dom\PycharmProjects\FinalProject\venv\lib\site-packages\drf_yasg\inspectors\base.py", line 449, in serializer_to_parameters
    return self.probe_inspectors(
  File "C:\Users\Dom\PycharmProjects\FinalProject\venv\lib\site-packages\drf_yasg\inspectors\base.py", line 110, in probe_inspectors
    result = method(obj, **kwargs)
  File "C:\Users\Dom\PycharmProjects\FinalProject\venv\lib\site-packages\drf_yasg\inspectors\field.py", line 53, in get_request_parameters
    parameters = [
  File "C:\Users\Dom\PycharmProjects\FinalProject\venv\lib\site-packages\drf_yasg\inspectors\field.py", line 54, in <listcomp>
    self.probe_field_inspectors(
  File "C:\Users\Dom\PycharmProjects\FinalProject\venv\lib\site-packages\drf_yasg\inspectors\base.py", line 228, in probe_field_inspectors
    return self.probe_inspectors(
  File "C:\Users\Dom\PycharmProjects\FinalProject\venv\lib\site-packages\drf_yasg\inspectors\base.py", line 110, in probe_inspectors
    result = method(obj, **kwargs)
  File "C:\Users\Dom\PycharmProjects\FinalProject\venv\lib\site-packages\drf_yasg\inspectors\field.py", line 91, in field_to_swagger_object
    raise SwaggerGenerationError("cannot instantiate nested serializer as " + swagger_object_type.__name__)
drf_yasg.errors.SwaggerGenerationError: cannot instantiate nested serializer as Parameter
2024-03-03 19:18:55,284 - ERROR - C:\Users\Dom\PycharmProjects\FinalProject\venv\lib\site-packages\django\core\servers\basehttp.py - None - "GET /swagger/ HTTP/1.1" 500 200159
2024-03-03 19:19:00,030 - ERROR - C:\Users\Dom\PycharmProjects\FinalProject\venv\lib\site-packages\django\utils\log.py - (<class 'drf_yasg.errors.SwaggerGenerationError'>, SwaggerGenerationError('cannot instantiate nested serializer as Parameter'), <traceback object at 0x000001C816756F40>) - Internal Server Error: /swagger/
Traceback (most recent call last):
  File "C:\Users\Dom\PycharmProjects\FinalProject\venv\lib\site-packages\django\core\handlers\exception.py", line 55, in inner
    response = get_response(request)
  File "C:\Users\Dom\PycharmProjects\FinalProject\venv\lib\site-packages\django\core\handlers\base.py", line 197, in _get_response
    response = wrapped_callback(request, *callback_args, **callback_kwargs)
  File "C:\Users\Dom\PycharmProjects\FinalProject\venv\lib\site-packages\django\views\decorators\csrf.py", line 56, in wrapper_view
    return view_func(*args, **kwargs)
  File "C:\Users\Dom\PycharmProjects\FinalProject\venv\lib\site-packages\django\views\generic\base.py", line 104, in view
    return self.dispatch(request, *args, **kwargs)
  File "C:\Users\Dom\PycharmProjects\FinalProject\venv\lib\site-packages\rest_framework\views.py", line 509, in dispatch
    response = self.handle_exception(exc)
  File "C:\Users\Dom\PycharmProjects\FinalProject\venv\lib\site-packages\rest_framework\views.py", line 469, in handle_exception
    self.raise_uncaught_exception(exc)
  File "C:\Users\Dom\PycharmProjects\FinalProject\venv\lib\site-packages\rest_framework\views.py", line 480, in raise_uncaught_exception
    raise exc
  File "C:\Users\Dom\PycharmProjects\FinalProject\venv\lib\site-packages\rest_framework\views.py", line 506, in dispatch
    response = handler(request, *args, **kwargs)
  File "C:\Users\Dom\PycharmProjects\FinalProject\venv\lib\site-packages\drf_yasg\views.py", line 96, in get
    schema = generator.get_schema(request, self.public)
  File "C:\Users\Dom\PycharmProjects\FinalProject\venv\lib\site-packages\drf_yasg\generators.py", line 276, in get_schema
    paths, prefix = self.get_paths(endpoints, components, request, public)
  File "C:\Users\Dom\PycharmProjects\FinalProject\venv\lib\site-packages\drf_yasg\generators.py", line 482, in get_paths
    operation = self.get_operation(view, path, prefix, method, components, request)
  File "C:\Users\Dom\PycharmProjects\FinalProject\venv\lib\site-packages\drf_yasg\generators.py", line 524, in get_operation
    operation = view_inspector.get_operation(operation_keys)
  File "C:\Users\Dom\PycharmProjects\FinalProject\venv\lib\site-packages\drf_yasg\inspectors\view.py", line 32, in get_operation
    body = self.get_request_body_parameters(consumes)
  File "C:\Users\Dom\PycharmProjects\FinalProject\venv\lib\site-packages\drf_yasg\inspectors\view.py", line 82, in get_request_body_parameters
    return self.get_request_form_parameters(serializer)
  File "C:\Users\Dom\PycharmProjects\FinalProject\venv\lib\site-packages\drf_yasg\inspectors\view.py", line 134, in get_request_form_parameters
    return self.serializer_to_parameters(serializer, in_=openapi.IN_FORM)
  File "C:\Users\Dom\PycharmProjects\FinalProject\venv\lib\site-packages\drf_yasg\inspectors\base.py", line 449, in serializer_to_parameters
    return self.probe_inspectors(
  File "C:\Users\Dom\PycharmProjects\FinalProject\venv\lib\site-packages\drf_yasg\inspectors\base.py", line 110, in probe_inspectors
    result = method(obj, **kwargs)
  File "C:\Users\Dom\PycharmProjects\FinalProject\venv\lib\site-packages\drf_yasg\inspectors\field.py", line 53, in get_request_parameters
    parameters = [
  File "C:\Users\Dom\PycharmProjects\FinalProject\venv\lib\site-packages\drf_yasg\inspectors\field.py", line 54, in <listcomp>
    self.probe_field_inspectors(
  File "C:\Users\Dom\PycharmProjects\FinalProject\venv\lib\site-packages\drf_yasg\inspectors\base.py", line 228, in probe_field_inspectors
    return self.probe_inspectors(
  File "C:\Users\Dom\PycharmProjects\FinalProject\venv\lib\site-packages\drf_yasg\inspectors\base.py", line 110, in probe_inspectors
    result = method(obj, **kwargs)
  File "C:\Users\Dom\PycharmProjects\FinalProject\venv\lib\site-packages\drf_yasg\inspectors\field.py", line 91, in field_to_swagger_object
    raise SwaggerGenerationError("cannot instantiate nested serializer as " + swagger_object_type.__name__)
drf_yasg.errors.SwaggerGenerationError: cannot instantiate nested serializer as Parameter
2024-03-03 19:19:00,032 - ERROR - C:\Users\Dom\PycharmProjects\FinalProject\venv\lib\site-packages\django\core\servers\basehttp.py - None - "GET /swagger/ HTTP/1.1" 500 200159
2024-03-03 19:19:02,949 - ERROR - C:\Users\Dom\PycharmProjects\FinalProject\venv\lib\site-packages\django\utils\log.py - (<class 'drf_yasg.errors.SwaggerGenerationError'>, SwaggerGenerationError('cannot instantiate nested serializer as Parameter'), <traceback object at 0x000001C816691B80>) - Internal Server Error: /swagger/
Traceback (most recent call last):
  File "C:\Users\Dom\PycharmProjects\FinalProject\venv\lib\site-packages\django\core\handlers\exception.py", line 55, in inner
    response = get_response(request)
  File "C:\Users\Dom\PycharmProjects\FinalProject\venv\lib\site-packages\django\core\handlers\base.py", line 197, in _get_response
    response = wrapped_callback(request, *callback_args, **callback_kwargs)
  File "C:\Users\Dom\PycharmProjects\FinalProject\venv\lib\site-packages\django\views\decorators\csrf.py", line 56, in wrapper_view
    return view_func(*args, **kwargs)
  File "C:\Users\Dom\PycharmProjects\FinalProject\venv\lib\site-packages\django\views\generic\base.py", line 104, in view
    return self.dispatch(request, *args, **kwargs)
  File "C:\Users\Dom\PycharmProjects\FinalProject\venv\lib\site-packages\rest_framework\views.py", line 509, in dispatch
    response = self.handle_exception(exc)
  File "C:\Users\Dom\PycharmProjects\FinalProject\venv\lib\site-packages\rest_framework\views.py", line 469, in handle_exception
    self.raise_uncaught_exception(exc)
  File "C:\Users\Dom\PycharmProjects\FinalProject\venv\lib\site-packages\rest_framework\views.py", line 480, in raise_uncaught_exception
    raise exc
  File "C:\Users\Dom\PycharmProjects\FinalProject\venv\lib\site-packages\rest_framework\views.py", line 506, in dispatch
    response = handler(request, *args, **kwargs)
  File "C:\Users\Dom\PycharmProjects\FinalProject\venv\lib\site-packages\drf_yasg\views.py", line 96, in get
    schema = generator.get_schema(request, self.public)
  File "C:\Users\Dom\PycharmProjects\FinalProject\venv\lib\site-packages\drf_yasg\generators.py", line 276, in get_schema
    paths, prefix = self.get_paths(endpoints, components, request, public)
  File "C:\Users\Dom\PycharmProjects\FinalProject\venv\lib\site-packages\drf_yasg\generators.py", line 482, in get_paths
    operation = self.get_operation(view, path, prefix, method, components, request)
  File "C:\Users\Dom\PycharmProjects\FinalProject\venv\lib\site-packages\drf_yasg\generators.py", line 524, in get_operation
    operation = view_inspector.get_operation(operation_keys)
  File "C:\Users\Dom\PycharmProjects\FinalProject\venv\lib\site-packages\drf_yasg\inspectors\view.py", line 32, in get_operation
    body = self.get_request_body_parameters(consumes)
  File "C:\Users\Dom\PycharmProjects\FinalProject\venv\lib\site-packages\drf_yasg\inspectors\view.py", line 82, in get_request_body_parameters
    return self.get_request_form_parameters(serializer)
  File "C:\Users\Dom\PycharmProjects\FinalProject\venv\lib\site-packages\drf_yasg\inspectors\view.py", line 134, in get_request_form_parameters
    return self.serializer_to_parameters(serializer, in_=openapi.IN_FORM)
  File "C:\Users\Dom\PycharmProjects\FinalProject\venv\lib\site-packages\drf_yasg\inspectors\base.py", line 449, in serializer_to_parameters
    return self.probe_inspectors(
  File "C:\Users\Dom\PycharmProjects\FinalProject\venv\lib\site-packages\drf_yasg\inspectors\base.py", line 110, in probe_inspectors
    result = method(obj, **kwargs)
  File "C:\Users\Dom\PycharmProjects\FinalProject\venv\lib\site-packages\drf_yasg\inspectors\field.py", line 53, in get_request_parameters
    parameters = [
  File "C:\Users\Dom\PycharmProjects\FinalProject\venv\lib\site-packages\drf_yasg\inspectors\field.py", line 54, in <listcomp>
    self.probe_field_inspectors(
  File "C:\Users\Dom\PycharmProjects\FinalProject\venv\lib\site-packages\drf_yasg\inspectors\base.py", line 228, in probe_field_inspectors
    return self.probe_inspectors(
  File "C:\Users\Dom\PycharmProjects\FinalProject\venv\lib\site-packages\drf_yasg\inspectors\base.py", line 110, in probe_inspectors
    result = method(obj, **kwargs)
  File "C:\Users\Dom\PycharmProjects\FinalProject\venv\lib\site-packages\drf_yasg\inspectors\field.py", line 91, in field_to_swagger_object
    raise SwaggerGenerationError("cannot instantiate nested serializer as " + swagger_object_type.__name__)
drf_yasg.errors.SwaggerGenerationError: cannot instantiate nested serializer as Parameter
2024-03-03 19:19:02,950 - ERROR - C:\Users\Dom\PycharmProjects\FinalProject\venv\lib\site-packages\django\core\servers\basehttp.py - None - "GET /swagger/?format=openapi HTTP/1.1" 500 200754
2024-03-03 19:21:18,870 - ERROR - C:\Users\Dom\PycharmProjects\FinalProject\venv\lib\site-packages\django\utils\log.py - (<class 'drf_yasg.errors.SwaggerGenerationError'>, SwaggerGenerationError('cannot instantiate nested serializer as Parameter'), <traceback object at 0x0000021DE724ACC0>) - Internal Server Error: /swagger/
Traceback (most recent call last):
  File "C:\Users\Dom\PycharmProjects\FinalProject\venv\lib\site-packages\django\core\handlers\exception.py", line 55, in inner
    response = get_response(request)
  File "C:\Users\Dom\PycharmProjects\FinalProject\venv\lib\site-packages\django\core\handlers\base.py", line 197, in _get_response
    response = wrapped_callback(request, *callback_args, **callback_kwargs)
  File "C:\Users\Dom\PycharmProjects\FinalProject\venv\lib\site-packages\django\views\decorators\csrf.py", line 56, in wrapper_view
    return view_func(*args, **kwargs)
  File "C:\Users\Dom\PycharmProjects\FinalProject\venv\lib\site-packages\django\views\generic\base.py", line 104, in view
    return self.dispatch(request, *args, **kwargs)
  File "C:\Users\Dom\PycharmProjects\FinalProject\venv\lib\site-packages\rest_framework\views.py", line 509, in dispatch
    response = self.handle_exception(exc)
  File "C:\Users\Dom\PycharmProjects\FinalProject\venv\lib\site-packages\rest_framework\views.py", line 469, in handle_exception
    self.raise_uncaught_exception(exc)
  File "C:\Users\Dom\PycharmProjects\FinalProject\venv\lib\site-packages\rest_framework\views.py", line 480, in raise_uncaught_exception
    raise exc
  File "C:\Users\Dom\PycharmProjects\FinalProject\venv\lib\site-packages\rest_framework\views.py", line 506, in dispatch
    response = handler(request, *args, **kwargs)
  File "C:\Users\Dom\PycharmProjects\FinalProject\venv\lib\site-packages\drf_yasg\views.py", line 96, in get
    schema = generator.get_schema(request, self.public)
  File "C:\Users\Dom\PycharmProjects\FinalProject\venv\lib\site-packages\drf_yasg\generators.py", line 276, in get_schema
    paths, prefix = self.get_paths(endpoints, components, request, public)
  File "C:\Users\Dom\PycharmProjects\FinalProject\venv\lib\site-packages\drf_yasg\generators.py", line 482, in get_paths
    operation = self.get_operation(view, path, prefix, method, components, request)
  File "C:\Users\Dom\PycharmProjects\FinalProject\venv\lib\site-packages\drf_yasg\generators.py", line 524, in get_operation
    operation = view_inspector.get_operation(operation_keys)
  File "C:\Users\Dom\PycharmProjects\FinalProject\venv\lib\site-packages\drf_yasg\inspectors\view.py", line 32, in get_operation
    body = self.get_request_body_parameters(consumes)
  File "C:\Users\Dom\PycharmProjects\FinalProject\venv\lib\site-packages\drf_yasg\inspectors\view.py", line 82, in get_request_body_parameters
    return self.get_request_form_parameters(serializer)
  File "C:\Users\Dom\PycharmProjects\FinalProject\venv\lib\site-packages\drf_yasg\inspectors\view.py", line 134, in get_request_form_parameters
    return self.serializer_to_parameters(serializer, in_=openapi.IN_FORM)
  File "C:\Users\Dom\PycharmProjects\FinalProject\venv\lib\site-packages\drf_yasg\inspectors\base.py", line 449, in serializer_to_parameters
    return self.probe_inspectors(
  File "C:\Users\Dom\PycharmProjects\FinalProject\venv\lib\site-packages\drf_yasg\inspectors\base.py", line 110, in probe_inspectors
    result = method(obj, **kwargs)
  File "C:\Users\Dom\PycharmProjects\FinalProject\venv\lib\site-packages\drf_yasg\inspectors\field.py", line 53, in get_request_parameters
    parameters = [
  File "C:\Users\Dom\PycharmProjects\FinalProject\venv\lib\site-packages\drf_yasg\inspectors\field.py", line 54, in <listcomp>
    self.probe_field_inspectors(
  File "C:\Users\Dom\PycharmProjects\FinalProject\venv\lib\site-packages\drf_yasg\inspectors\base.py", line 228, in probe_field_inspectors
    return self.probe_inspectors(
  File "C:\Users\Dom\PycharmProjects\FinalProject\venv\lib\site-packages\drf_yasg\inspectors\base.py", line 110, in probe_inspectors
    result = method(obj, **kwargs)
  File "C:\Users\Dom\PycharmProjects\FinalProject\venv\lib\site-packages\drf_yasg\inspectors\field.py", line 91, in field_to_swagger_object
    raise SwaggerGenerationError("cannot instantiate nested serializer as " + swagger_object_type.__name__)
drf_yasg.errors.SwaggerGenerationError: cannot instantiate nested serializer as Parameter
2024-03-03 19:21:18,872 - ERROR - C:\Users\Dom\PycharmProjects\FinalProject\venv\lib\site-packages\django\core\servers\basehttp.py - None - "GET /swagger/?format=openapi HTTP/1.1" 500 200754
